2020-05-23 09:51:01.086  INFO 50644 --- [restartedMain] c.faq.pma.ProjectManagementApplication   : Starting ProjectManagementApplication on DESKTOP-3CJKJJJ with PID 50644 (C:\dev\STSWorkspace\project-management\target\classes started by faqfa in C:\dev\STSWorkspace\project-management)
2020-05-23 09:51:01.088 DEBUG 50644 --- [restartedMain] c.faq.pma.ProjectManagementApplication   : Running with Spring Boot v2.2.1.RELEASE, Spring v5.2.1.RELEASE
2020-05-23 09:51:01.088  INFO 50644 --- [restartedMain] c.faq.pma.ProjectManagementApplication   : The following profiles are active: dev
2020-05-23 09:51:01.124  INFO 50644 --- [restartedMain] o.s.b.devtools.restart.ChangeableUrls    : The Class-Path manifest attribute in C:\Users\faqfa\.m2\repository\org\glassfish\jaxb\jaxb-runtime\2.3.2\jaxb-runtime-2.3.2.jar referenced one or more files that do not exist: file:/C:/Users/faqfa/.m2/repository/org/glassfish/jaxb/jaxb-runtime/2.3.2/jakarta.xml.bind-api-2.3.2.jar,file:/C:/Users/faqfa/.m2/repository/org/glassfish/jaxb/jaxb-runtime/2.3.2/txw2-2.3.2.jar,file:/C:/Users/faqfa/.m2/repository/org/glassfish/jaxb/jaxb-runtime/2.3.2/istack-commons-runtime-3.0.8.jar,file:/C:/Users/faqfa/.m2/repository/org/glassfish/jaxb/jaxb-runtime/2.3.2/stax-ex-1.8.1.jar,file:/C:/Users/faqfa/.m2/repository/org/glassfish/jaxb/jaxb-runtime/2.3.2/FastInfoset-1.2.16.jar,file:/C:/Users/faqfa/.m2/repository/org/glassfish/jaxb/jaxb-runtime/2.3.2/jakarta.activation-api-1.2.1.jar
2020-05-23 09:51:01.125  INFO 50644 --- [restartedMain] .e.DevToolsPropertyDefaultsPostProcessor : Devtools property defaults active! Set 'spring.devtools.add-properties' to 'false' to disable
2020-05-23 09:51:01.125  INFO 50644 --- [restartedMain] .e.DevToolsPropertyDefaultsPostProcessor : For additional web related logging consider setting the 'logging.level.web' property to 'DEBUG'
2020-05-23 09:51:01.574  INFO 50644 --- [restartedMain] .s.d.r.c.RepositoryConfigurationDelegate : Bootstrapping Spring Data repositories in DEFAULT mode.
2020-05-23 09:51:01.615  INFO 50644 --- [restartedMain] .s.d.r.c.RepositoryConfigurationDelegate : Finished Spring Data repository scanning in 36ms. Found 2 repository interfaces.
2020-05-23 09:51:01.816  INFO 50644 --- [restartedMain] trationDelegate$BeanPostProcessorChecker : Bean 'org.springframework.transaction.annotation.ProxyTransactionManagementConfiguration' of type [org.springframework.transaction.annotation.ProxyTransactionManagementConfiguration] is not eligible for getting processed by all BeanPostProcessors (for example: not eligible for auto-proxying)
2020-05-23 09:51:02.036  INFO 50644 --- [restartedMain] o.s.b.w.embedded.tomcat.TomcatWebServer  : Tomcat initialized with port(s): 8080 (http)
2020-05-23 09:51:02.128  INFO 50644 --- [restartedMain] o.s.web.context.ContextLoader            : Root WebApplicationContext: initialization completed in 1003 ms
2020-05-23 09:51:02.226  INFO 50644 --- [restartedMain] o.s.b.a.h2.H2ConsoleAutoConfiguration    : H2 console available at '/h2-console'. Database available at 'jdbc:h2:mem:testdb'
2020-05-23 09:51:02.939  INFO 50644 --- [restartedMain] j.LocalContainerEntityManagerFactoryBean : Initialized JPA EntityManagerFactory for persistence unit 'default'
2020-05-23 09:51:02.960  INFO 50644 --- [restartedMain] o.s.b.d.a.OptionalLiveReloadServer       : LiveReload server is running on port 35729
2020-05-23 09:51:03.185  WARN 50644 --- [restartedMain] JpaBaseConfiguration$JpaWebConfiguration : spring.jpa.open-in-view is enabled by default. Therefore, database queries may be performed during view rendering. Explicitly configure spring.jpa.open-in-view to disable this warning
2020-05-23 09:51:03.267  INFO 50644 --- [restartedMain] o.s.s.concurrent.ThreadPoolTaskExecutor  : Initializing ExecutorService 'applicationTaskExecutor'
2020-05-23 09:51:03.453  INFO 50644 --- [restartedMain] o.s.b.w.embedded.tomcat.TomcatWebServer  : Tomcat started on port(s): 8080 (http) with context path ''
2020-05-23 09:51:03.456  INFO 50644 --- [restartedMain] c.faq.pma.ProjectManagementApplication   : Started ProjectManagementApplication in 2.662 seconds (JVM running for 3.773)
20-51-23  INFO 32604 --- [restartedMain] c.faq.pma.ProjectManagementApplication   : Starting ProjectManagementApplication on DESKTOP-3CJKJJJ with PID 32604 (C:\dev\STSWorkspace\project-management\target\classes started by faqfa in C:\dev\STSWorkspace\project-management)
20-51-23 DEBUG 32604 --- [restartedMain] c.faq.pma.ProjectManagementApplication   : Running with Spring Boot v2.2.1.RELEASE, Spring v5.2.1.RELEASE
20-51-23  INFO 32604 --- [restartedMain] c.faq.pma.ProjectManagementApplication   : The following profiles are active: dev
20-51-23  INFO 32604 --- [restartedMain] o.s.b.devtools.restart.ChangeableUrls    : The Class-Path manifest attribute in C:\Users\faqfa\.m2\repository\org\glassfish\jaxb\jaxb-runtime\2.3.2\jaxb-runtime-2.3.2.jar referenced one or more files that do not exist: file:/C:/Users/faqfa/.m2/repository/org/glassfish/jaxb/jaxb-runtime/2.3.2/jakarta.xml.bind-api-2.3.2.jar,file:/C:/Users/faqfa/.m2/repository/org/glassfish/jaxb/jaxb-runtime/2.3.2/txw2-2.3.2.jar,file:/C:/Users/faqfa/.m2/repository/org/glassfish/jaxb/jaxb-runtime/2.3.2/istack-commons-runtime-3.0.8.jar,file:/C:/Users/faqfa/.m2/repository/org/glassfish/jaxb/jaxb-runtime/2.3.2/stax-ex-1.8.1.jar,file:/C:/Users/faqfa/.m2/repository/org/glassfish/jaxb/jaxb-runtime/2.3.2/FastInfoset-1.2.16.jar,file:/C:/Users/faqfa/.m2/repository/org/glassfish/jaxb/jaxb-runtime/2.3.2/jakarta.activation-api-1.2.1.jar
20-51-23  INFO 32604 --- [restartedMain] .e.DevToolsPropertyDefaultsPostProcessor : Devtools property defaults active! Set 'spring.devtools.add-properties' to 'false' to disable
20-51-23  INFO 32604 --- [restartedMain] .e.DevToolsPropertyDefaultsPostProcessor : For additional web related logging consider setting the 'logging.level.web' property to 'DEBUG'
20-51-23  INFO 32604 --- [restartedMain] .s.d.r.c.RepositoryConfigurationDelegate : Bootstrapping Spring Data repositories in DEFAULT mode.
20-51-23  INFO 32604 --- [restartedMain] .s.d.r.c.RepositoryConfigurationDelegate : Finished Spring Data repository scanning in 36ms. Found 2 repository interfaces.
20-51-23  INFO 32604 --- [restartedMain] trationDelegate$BeanPostProcessorChecker : Bean 'org.springframework.transaction.annotation.ProxyTransactionManagementConfiguration' of type [org.springframework.transaction.annotation.ProxyTransactionManagementConfiguration] is not eligible for getting processed by all BeanPostProcessors (for example: not eligible for auto-proxying)
20-51-23  INFO 32604 --- [restartedMain] o.s.b.w.embedded.tomcat.TomcatWebServer  : Tomcat initialized with port(s): 8080 (http)
20-51-23  INFO 32604 --- [restartedMain] o.s.web.context.ContextLoader            : Root WebApplicationContext: initialization completed in 1044 ms
20-51-23  INFO 32604 --- [restartedMain] o.s.b.a.h2.H2ConsoleAutoConfiguration    : H2 console available at '/h2-console'. Database available at 'jdbc:h2:mem:testdb'
20-51-23  INFO 32604 --- [restartedMain] j.LocalContainerEntityManagerFactoryBean : Initialized JPA EntityManagerFactory for persistence unit 'default'
20-51-23  INFO 32604 --- [restartedMain] o.s.b.d.a.OptionalLiveReloadServer       : LiveReload server is running on port 35729
20-51-23  WARN 32604 --- [restartedMain] JpaBaseConfiguration$JpaWebConfiguration : spring.jpa.open-in-view is enabled by default. Therefore, database queries may be performed during view rendering. Explicitly configure spring.jpa.open-in-view to disable this warning
20-51-23  INFO 32604 --- [restartedMain] o.s.s.concurrent.ThreadPoolTaskExecutor  : Initializing ExecutorService 'applicationTaskExecutor'
20-51-23  INFO 32604 --- [restartedMain] o.s.b.w.embedded.tomcat.TomcatWebServer  : Tomcat started on port(s): 8080 (http) with context path ''
20-51-23  INFO 32604 --- [restartedMain] c.faq.pma.ProjectManagementApplication   : Started ProjectManagementApplication in 2.723 seconds (JVM running for 3.839)
2020-05-23 10:12:41.253  INFO 3564 --- [restartedMain] c.faq.pma.ProjectManagementApplication   : Starting ProjectManagementApplication on DESKTOP-3CJKJJJ with PID 3564 (C:\dev\STSWorkspace\project-management\target\classes started by faqfa in C:\dev\STSWorkspace\project-management)
2020-05-23 10:12:41.255 DEBUG 3564 --- [restartedMain] c.faq.pma.ProjectManagementApplication   : Running with Spring Boot v2.2.1.RELEASE, Spring v5.2.1.RELEASE
2020-05-23 10:12:41.255  INFO 3564 --- [restartedMain] c.faq.pma.ProjectManagementApplication   : The following profiles are active: dev
2020-05-23 10:12:41.292  INFO 3564 --- [restartedMain] o.s.b.devtools.restart.ChangeableUrls    : The Class-Path manifest attribute in C:\Users\faqfa\.m2\repository\org\glassfish\jaxb\jaxb-runtime\2.3.2\jaxb-runtime-2.3.2.jar referenced one or more files that do not exist: file:/C:/Users/faqfa/.m2/repository/org/glassfish/jaxb/jaxb-runtime/2.3.2/jakarta.xml.bind-api-2.3.2.jar,file:/C:/Users/faqfa/.m2/repository/org/glassfish/jaxb/jaxb-runtime/2.3.2/txw2-2.3.2.jar,file:/C:/Users/faqfa/.m2/repository/org/glassfish/jaxb/jaxb-runtime/2.3.2/istack-commons-runtime-3.0.8.jar,file:/C:/Users/faqfa/.m2/repository/org/glassfish/jaxb/jaxb-runtime/2.3.2/stax-ex-1.8.1.jar,file:/C:/Users/faqfa/.m2/repository/org/glassfish/jaxb/jaxb-runtime/2.3.2/FastInfoset-1.2.16.jar,file:/C:/Users/faqfa/.m2/repository/org/glassfish/jaxb/jaxb-runtime/2.3.2/jakarta.activation-api-1.2.1.jar
2020-05-23 10:12:41.293  INFO 3564 --- [restartedMain] .e.DevToolsPropertyDefaultsPostProcessor : Devtools property defaults active! Set 'spring.devtools.add-properties' to 'false' to disable
2020-05-23 10:12:41.294  INFO 3564 --- [restartedMain] .e.DevToolsPropertyDefaultsPostProcessor : For additional web related logging consider setting the 'logging.level.web' property to 'DEBUG'
2020-05-23 10:12:41.770  INFO 3564 --- [restartedMain] .s.d.r.c.RepositoryConfigurationDelegate : Bootstrapping Spring Data repositories in DEFAULT mode.
2020-05-23 10:12:41.811  INFO 3564 --- [restartedMain] .s.d.r.c.RepositoryConfigurationDelegate : Finished Spring Data repository scanning in 37ms. Found 2 repository interfaces.
2020-05-23 10:12:42.060  INFO 3564 --- [restartedMain] trationDelegate$BeanPostProcessorChecker : Bean 'org.springframework.transaction.annotation.ProxyTransactionManagementConfiguration' of type [org.springframework.transaction.annotation.ProxyTransactionManagementConfiguration] is not eligible for getting processed by all BeanPostProcessors (for example: not eligible for auto-proxying)
2020-05-23 10:12:42.267  INFO 3564 --- [restartedMain] o.s.b.w.embedded.tomcat.TomcatWebServer  : Tomcat initialized with port(s): 8080 (http)
2020-05-23 10:12:42.346  INFO 3564 --- [restartedMain] o.s.web.context.ContextLoader            : Root WebApplicationContext: initialization completed in 1052 ms
2020-05-23 10:12:42.449  INFO 3564 --- [restartedMain] o.s.b.a.h2.H2ConsoleAutoConfiguration    : H2 console available at '/h2-console'. Database available at 'jdbc:h2:mem:testdb'
2020-05-23 10:12:43.137  INFO 3564 --- [restartedMain] j.LocalContainerEntityManagerFactoryBean : Initialized JPA EntityManagerFactory for persistence unit 'default'
2020-05-23 10:12:43.160  INFO 3564 --- [restartedMain] o.s.b.d.a.OptionalLiveReloadServer       : LiveReload server is running on port 35729
2020-05-23 10:12:43.380  WARN 3564 --- [restartedMain] JpaBaseConfiguration$JpaWebConfiguration : spring.jpa.open-in-view is enabled by default. Therefore, database queries may be performed during view rendering. Explicitly configure spring.jpa.open-in-view to disable this warning
2020-05-23 10:12:43.465  INFO 3564 --- [restartedMain] o.s.s.concurrent.ThreadPoolTaskExecutor  : Initializing ExecutorService 'applicationTaskExecutor'
2020-05-23 10:12:43.638  INFO 3564 --- [restartedMain] .s.s.UserDetailsServiceAutoConfiguration : 

Using generated security password: 2201bd98-3c76-4a76-b288-d68d364cabf6

2020-05-23 10:12:43.721  INFO 3564 --- [restartedMain] o.s.s.web.DefaultSecurityFilterChain     : Creating filter chain: any request, [org.springframework.security.web.context.request.async.WebAsyncManagerIntegrationFilter@48a10811, org.springframework.security.web.context.SecurityContextPersistenceFilter@1fe7f737, org.springframework.security.web.header.HeaderWriterFilter@7d53612b, org.springframework.security.web.csrf.CsrfFilter@3d92f655, org.springframework.security.web.authentication.logout.LogoutFilter@265d8446, org.springframework.security.web.authentication.UsernamePasswordAuthenticationFilter@3f004a0f, org.springframework.security.web.authentication.ui.DefaultLoginPageGeneratingFilter@21997323, org.springframework.security.web.authentication.ui.DefaultLogoutPageGeneratingFilter@501e0c4c, org.springframework.security.web.authentication.www.BasicAuthenticationFilter@3f3ee785, org.springframework.security.web.savedrequest.RequestCacheAwareFilter@16344e5d, org.springframework.security.web.servletapi.SecurityContextHolderAwareRequestFilter@c113d9f, org.springframework.security.web.authentication.AnonymousAuthenticationFilter@928cae3, org.springframework.security.web.session.SessionManagementFilter@3291e141, org.springframework.security.web.access.ExceptionTranslationFilter@69ee68d5, org.springframework.security.web.access.intercept.FilterSecurityInterceptor@61572096]
2020-05-23 10:12:43.780  INFO 3564 --- [restartedMain] o.s.b.w.embedded.tomcat.TomcatWebServer  : Tomcat started on port(s): 8080 (http) with context path ''
2020-05-23 10:12:43.783  INFO 3564 --- [restartedMain] c.faq.pma.ProjectManagementApplication   : Started ProjectManagementApplication in 2.834 seconds (JVM running for 3.942)
2020-05-23 10:13:16.164  INFO 3564 --- [http-nio-8080-exec-1] o.s.web.servlet.DispatcherServlet        : Initializing Servlet 'dispatcherServlet'
2020-05-23 10:13:16.170  INFO 3564 --- [http-nio-8080-exec-1] o.s.web.servlet.DispatcherServlet        : Completed initialization in 5 ms
2020-05-23 10:13:16.613  WARN 3564 --- [http-nio-8080-exec-1] o.a.c.util.SessionIdGeneratorBase        : Creation of SecureRandom instance for session ID generation using [SHA1PRNG] took [416] milliseconds.
2020-05-23 10:13:50.215 DEBUG 3564 --- [http-nio-8080-exec-5] c.f.pma.logging.ApplicationLoggerAspect  : 
 
 

2020-05-23 10:13:50.216 DEBUG 3564 --- [http-nio-8080-exec-5] c.f.pma.logging.ApplicationLoggerAspect  : ************ Before Method Execution ************ 
 com.faq.pma.controllers.HomeController.displayHome () with arguments[s] = [{}]
2020-05-23 10:13:50.216 DEBUG 3564 --- [http-nio-8080-exec-5] c.f.pma.logging.ApplicationLoggerAspect  : __________________________________________________________ 
 
 

2020-05-23 10:13:50.475 DEBUG 3564 --- [http-nio-8080-exec-5] c.f.pma.logging.ApplicationLoggerAspect  : 
 
 

2020-05-23 10:13:50.475 DEBUG 3564 --- [http-nio-8080-exec-5] c.f.pma.logging.ApplicationLoggerAspect  : ************ After Method Execution ************ 
 com.faq.pma.controllers.HomeController.displayHome () with arguments[s] = [{versionNumber=dev, projectList=[], employeeListProjectsCount=[], projectStatusCount=[]}]
2020-05-23 10:13:50.475 DEBUG 3564 --- [http-nio-8080-exec-5] c.f.pma.logging.ApplicationLoggerAspect  : __________________________________________________________ 
 
 

